[1122/223843.764:ERROR:directory_reader_win.cc(43)] FindFirstFile: The system cannot find the path specified. (0x3)
[1122/224409.483:ERROR:file_io_win.cc(162)] CreateFile C:\Users\Pandu\AppData\Local\Temp\puppeteer_dev_chrome_profile-KQb8tL\Crashpad\settings.dat: The system cannot find the path specified. (0x3)
[1122/224409.483:ERROR:file_io_win.cc(171)] CreateFile C:\Users\Pandu\AppData\Local\Temp\puppeteer_dev_chrome_profile-KQb8tL\Crashpad\reports\5fd68a63-d694-4eca-b997-df70dd5d1abe.dmp: The system cannot find the path specified. (0x3)
[1122/224409.483:ERROR:crash_report_exception_handler.cc(99)] PrepareNewCrashReport failed
[1122/224905.121:ERROR:file_io_win.cc(162)] CreateFile C:\Users\Pandu\AppData\Local\Temp\puppeteer_dev_chrome_profile-Q22dLe\Crashpad\settings.dat: The system cannot find the path specified. (0x3)
[1122/224905.121:ERROR:file_io_win.cc(171)] CreateFile C:\Users\Pandu\AppData\Local\Temp\puppeteer_dev_chrome_profile-Q22dLe\Crashpad\reports\dc93c1f1-1374-4e56-887c-7b21cdba573d.dmp: The system cannot find the path specified. (0x3)
[1122/224905.121:ERROR:crash_report_exception_handler.cc(99)] PrepareNewCrashReport failed
[1123/060822.798:ERROR:file_io_win.cc(162)] CreateFile C:\Users\Pandu\AppData\Local\Temp\puppeteer_dev_chrome_profile-2IrY3X\Crashpad\settings.dat: The system cannot find the path specified. (0x3)
[1123/060822.798:ERROR:file_io_win.cc(171)] CreateFile C:\Users\Pandu\AppData\Local\Temp\puppeteer_dev_chrome_profile-2IrY3X\Crashpad\reports\efd39e09-606b-4103-aa0e-18e539ada912.dmp: The system cannot find the path specified. (0x3)
[1123/060822.798:ERROR:crash_report_exception_handler.cc(99)] PrepareNewCrashReport failed
[1123/061252.159:ERROR:file_io_win.cc(162)] CreateFile C:\Users\Pandu\AppData\Local\Temp\puppeteer_dev_chrome_profile-C5DOqQ\Crashpad\settings.dat: The system cannot find the path specified. (0x3)
[1123/061252.159:ERROR:file_io_win.cc(171)] CreateFile C:\Users\Pandu\AppData\Local\Temp\puppeteer_dev_chrome_profile-C5DOqQ\Crashpad\reports\93b0f8c7-75f4-4ad4-b4ab-e2fc645f4b2f.dmp: The system cannot find the path specified. (0x3)
[1123/061252.159:ERROR:crash_report_exception_handler.cc(99)] PrepareNewCrashReport failed
[1123/061817.538:ERROR:process_reader_win.cc(151)] SuspendThread: Access is denied. (0x5)
[1123/061817.542:ERROR:file_io_win.cc(162)] CreateFile C:\Users\Pandu\AppData\Local\Temp\puppeteer_dev_chrome_profile-SdTnLI\Crashpad\settings.dat: The system cannot find the path specified. (0x3)
[1123/061817.542:ERROR:file_io_win.cc(171)] CreateFile C:\Users\Pandu\AppData\Local\Temp\puppeteer_dev_chrome_profile-SdTnLI\Crashpad\reports\3566c567-6a36-46ea-bb98-445e4dd675a4.dmp: The system cannot find the path specified. (0x3)
[1123/061817.542:ERROR:crash_report_exception_handler.cc(99)] PrepareNewCrashReport failed
[1123/062455.669:ERROR:process_reader_win.cc(151)] SuspendThread: Access is denied. (0x5)
[1123/062455.669:ERROR:file_io_win.cc(162)] CreateFile C:\Users\Pandu\AppData\Local\Temp\puppeteer_dev_chrome_profile-kU8lwZ\Crashpad\settings.dat: The system cannot find the path specified. (0x3)
[1123/062455.669:ERROR:file_io_win.cc(171)] CreateFile C:\Users\Pandu\AppData\Local\Temp\puppeteer_dev_chrome_profile-kU8lwZ\Crashpad\reports\b4e299fd-d562-40b4-8aa7-1d7839e57358.dmp: The system cannot find the path specified. (0x3)
[1123/062455.669:ERROR:crash_report_exception_handler.cc(99)] PrepareNewCrashReport failed
[1123/063502.058:ERROR:directory_reader_win.cc(43)] FindFirstFile: The system cannot find the path specified. (0x3)
[1123/064748.572:ERROR:file_io_win.cc(162)] CreateFile C:\Users\Pandu\AppData\Local\Temp\puppeteer_dev_chrome_profile-gdgNHO\Crashpad\settings.dat: The system cannot find the path specified. (0x3)
[1123/064748.572:ERROR:file_io_win.cc(171)] CreateFile C:\Users\Pandu\AppData\Local\Temp\puppeteer_dev_chrome_profile-gdgNHO\Crashpad\reports\a9a067f4-3aee-4f3e-96fe-da3d67c4661d.dmp: The system cannot find the path specified. (0x3)
[1123/064748.572:ERROR:crash_report_exception_handler.cc(99)] PrepareNewCrashReport failed
[1123/065405.566:ERROR:file_io_win.cc(162)] CreateFile C:\Users\Pandu\AppData\Local\Temp\puppeteer_dev_chrome_profile-PEfOOG\Crashpad\settings.dat: The system cannot find the path specified. (0x3)
[1123/065405.566:ERROR:file_io_win.cc(171)] CreateFile C:\Users\Pandu\AppData\Local\Temp\puppeteer_dev_chrome_profile-PEfOOG\Crashpad\reports\aa6aa7d7-f581-4aec-9c63-4f999bd790ee.dmp: The system cannot find the path specified. (0x3)
[1123/065405.566:ERROR:crash_report_exception_handler.cc(99)] PrepareNewCrashReport failed
[1123/065822.311:ERROR:file_io_win.cc(162)] CreateFile C:\Users\Pandu\AppData\Local\Temp\puppeteer_dev_chrome_profile-d7DkPA\Crashpad\settings.dat: The system cannot find the path specified. (0x3)
[1123/065822.316:ERROR:file_io_win.cc(171)] CreateFile C:\Users\Pandu\AppData\Local\Temp\puppeteer_dev_chrome_profile-d7DkPA\Crashpad\reports\6b71fce8-ea88-49fa-a2c9-d311c29f0e89.dmp: The system cannot find the path specified. (0x3)
[1123/065822.316:ERROR:crash_report_exception_handler.cc(99)] PrepareNewCrashReport failed
[1123/071037.541:ERROR:directory_reader_win.cc(43)] FindFirstFile: The system cannot find the path specified. (0x3)
[1123/071242.721:ERROR:file_io_win.cc(162)] CreateFile C:\Users\Pandu\AppData\Local\Temp\puppeteer_dev_chrome_profile-ekiUAa\Crashpad\settings.dat: The system cannot find the path specified. (0x3)
[1123/071242.726:ERROR:file_io_win.cc(171)] CreateFile C:\Users\Pandu\AppData\Local\Temp\puppeteer_dev_chrome_profile-ekiUAa\Crashpad\reports\4fb5a9d9-179f-4363-8950-575470897f4b.dmp: The system cannot find the path specified. (0x3)
[1123/071242.726:ERROR:crash_report_exception_handler.cc(99)] PrepareNewCrashReport failed
[1123/071630.212:ERROR:file_io_win.cc(162)] CreateFile C:\Users\Pandu\AppData\Local\Temp\puppeteer_dev_chrome_profile-7JucKe\Crashpad\settings.dat: The system cannot find the path specified. (0x3)
[1123/071630.212:ERROR:file_io_win.cc(171)] CreateFile C:\Users\Pandu\AppData\Local\Temp\puppeteer_dev_chrome_profile-7JucKe\Crashpad\reports\ec0aa06a-feb5-4f51-bafc-a2949830114b.dmp: The system cannot find the path specified. (0x3)
[1123/071630.212:ERROR:crash_report_exception_handler.cc(99)] PrepareNewCrashReport failed
[1123/073449.187:ERROR:file_io_win.cc(162)] CreateFile C:\Users\Pandu\AppData\Local\Temp\puppeteer_dev_chrome_profile-SYfmjG\Crashpad\settings.dat: The system cannot find the path specified. (0x3)
[1123/073449.187:ERROR:file_io_win.cc(171)] CreateFile C:\Users\Pandu\AppData\Local\Temp\puppeteer_dev_chrome_profile-SYfmjG\Crashpad\reports\45b49c73-9c3f-4309-8f19-1161169fa6c2.dmp: The system cannot find the path specified. (0x3)
[1123/073449.187:ERROR:crash_report_exception_handler.cc(99)] PrepareNewCrashReport failed
[1123/074506.941:ERROR:file_io_win.cc(162)] CreateFile C:\Users\Pandu\AppData\Local\Temp\puppeteer_dev_chrome_profile-CaLtYM\Crashpad\settings.dat: The system cannot find the path specified. (0x3)
[1123/074506.941:ERROR:file_io_win.cc(171)] CreateFile C:\Users\Pandu\AppData\Local\Temp\puppeteer_dev_chrome_profile-CaLtYM\Crashpad\reports\786537e2-2780-4c99-9a9e-c64bef1eab19.dmp: The system cannot find the path specified. (0x3)
[1123/074506.941:ERROR:crash_report_exception_handler.cc(99)] PrepareNewCrashReport failed
[1123/105538.002:ERROR:process_reader_win.cc(151)] SuspendThread: Access is denied. (0x5)
[1123/105538.015:ERROR:file_io_win.cc(162)] CreateFile C:\Users\Pandu\AppData\Local\Temp\puppeteer_dev_chrome_profile-tskdsT\Crashpad\settings.dat: The system cannot find the path specified. (0x3)
[1123/105538.015:ERROR:file_io_win.cc(171)] CreateFile C:\Users\Pandu\AppData\Local\Temp\puppeteer_dev_chrome_profile-tskdsT\Crashpad\reports\c0784bf1-71ec-47f5-8da9-4cfd02639779.dmp: The system cannot find the path specified. (0x3)
[1123/105538.015:ERROR:crash_report_exception_handler.cc(99)] PrepareNewCrashReport failed
[1123/110059.052:ERROR:file_io_win.cc(162)] CreateFile C:\Users\Pandu\AppData\Local\Temp\puppeteer_dev_chrome_profile-rA10a4\Crashpad\settings.dat: The system cannot find the path specified. (0x3)
[1123/110059.053:ERROR:file_io_win.cc(171)] CreateFile C:\Users\Pandu\AppData\Local\Temp\puppeteer_dev_chrome_profile-rA10a4\Crashpad\reports\1b39fca6-b636-420e-8e9e-8ce46819d262.dmp: The system cannot find the path specified. (0x3)
[1123/110059.053:ERROR:crash_report_exception_handler.cc(99)] PrepareNewCrashReport failed
[1123/110328.732:ERROR:file_io_win.cc(162)] CreateFile C:\Users\Pandu\AppData\Local\Temp\puppeteer_dev_chrome_profile-N6Yapm\Crashpad\settings.dat: The system cannot find the path specified. (0x3)
[1123/110328.733:ERROR:file_io_win.cc(171)] CreateFile C:\Users\Pandu\AppData\Local\Temp\puppeteer_dev_chrome_profile-N6Yapm\Crashpad\reports\7d5f773e-092d-4492-807c-cd2c87518df2.dmp: The system cannot find the path specified. (0x3)
[1123/110328.733:ERROR:crash_report_exception_handler.cc(99)] PrepareNewCrashReport failed
[1123/122447.512:ERROR:file_io_win.cc(162)] CreateFile C:\Users\Pandu\AppData\Local\Temp\puppeteer_dev_chrome_profile-0nQ9rp\Crashpad\settings.dat: The system cannot find the path specified. (0x3)
[1123/122447.514:ERROR:file_io_win.cc(171)] CreateFile C:\Users\Pandu\AppData\Local\Temp\puppeteer_dev_chrome_profile-0nQ9rp\Crashpad\reports\3e095e63-e2cf-4d99-99fb-75ea9688861c.dmp: The system cannot find the path specified. (0x3)
[1123/122447.514:ERROR:crash_report_exception_handler.cc(99)] PrepareNewCrashReport failed
[1123/123555.888:ERROR:directory_reader_win.cc(43)] FindFirstFile: The system cannot find the path specified. (0x3)
[1123/125426.615:ERROR:file_io_win.cc(162)] CreateFile C:\Users\Pandu\AppData\Local\Temp\puppeteer_dev_chrome_profile-g611lf\Crashpad\settings.dat: The system cannot find the path specified. (0x3)
[1123/125426.616:ERROR:file_io_win.cc(171)] CreateFile C:\Users\Pandu\AppData\Local\Temp\puppeteer_dev_chrome_profile-g611lf\Crashpad\reports\ca9ebba3-ee2c-4129-903f-499aed336cc7.dmp: The system cannot find the path specified. (0x3)
[1123/125426.616:ERROR:crash_report_exception_handler.cc(99)] PrepareNewCrashReport failed
